0 info it worked if it ends with ok
1 verbose cli [ 'F:\\installation\\nodejs\\node.exe',
1 verbose cli   'F:\\installation\\nodejs\\node_modules\\npm\\bin\\npm-cli.js',
1 verbose cli   'install',
1 verbose cli   'express',
1 verbose cli   'ejs' ]
2 info using npm@3.10.10
3 info using node@v6.17.1
4 silly loadCurrentTree Starting
5 silly install loadCurrentTree
6 silly install readLocalPackageData
7 silly fetchPackageMetaData express
8 silly fetchPackageMetaData ejs
9 silly fetchNamedPackageData express
10 silly mapToRegistry name express
11 silly mapToRegistry using default registry
12 silly mapToRegistry registry https://registry.npmjs.org/
13 silly mapToRegistry data Result {
13 silly mapToRegistry   raw: 'express',
13 silly mapToRegistry   scope: null,
13 silly mapToRegistry   escapedName: 'express',
13 silly mapToRegistry   name: 'express',
13 silly mapToRegistry   rawSpec: '',
13 silly mapToRegistry   spec: 'latest',
13 silly mapToRegistry   type: 'tag' }
14 silly mapToRegistry uri https://registry.npmjs.org/express
15 silly fetchNamedPackageData ejs
16 silly mapToRegistry name ejs
17 silly mapToRegistry using default registry
18 silly mapToRegistry registry https://registry.npmjs.org/
19 silly mapToRegistry data Result {
19 silly mapToRegistry   raw: 'ejs',
19 silly mapToRegistry   scope: null,
19 silly mapToRegistry   escapedName: 'ejs',
19 silly mapToRegistry   name: 'ejs',
19 silly mapToRegistry   rawSpec: '',
19 silly mapToRegistry   spec: 'latest',
19 silly mapToRegistry   type: 'tag' }
20 silly mapToRegistry uri https://registry.npmjs.org/ejs
21 verbose request uri https://registry.npmjs.org/ejs
22 verbose request no auth needed
23 info attempt registry request try #1 at 20:45:45
24 verbose request id 282203b2fde874e6
25 verbose etag W/"8ca6c345745df8645c94bce60b388876"
26 verbose lastModified Sun, 24 Nov 2019 01:43:20 GMT
27 http request GET https://registry.npmjs.org/ejs
28 verbose request uri https://registry.npmjs.org/express
29 verbose request no auth needed
30 info attempt registry request try #1 at 20:45:45
31 verbose etag W/"72f8ffb551c782b44a301010ef5f4f7e"
32 verbose lastModified Tue, 14 Jan 2020 20:17:40 GMT
33 http request GET https://registry.npmjs.org/express
34 http 304 https://registry.npmjs.org/ejs
35 verbose headers { date: 'Fri, 07 Feb 2020 19:45:45 GMT',
35 verbose headers   connection: 'keep-alive',
35 verbose headers   'set-cookie': [ '__cfduid=d1d254b04d9c926bb82dd5072d5e6e60d1581104745; expires=Sun, 08-Mar-20 19:45:45 GMT; path=/; domain=.npmjs.org; HttpOnly; SameSite=Lax' ],
35 verbose headers   'cf-ray': '5617ddb37d25d8a5-CPH',
35 verbose headers   age: '5258',
35 verbose headers   'cache-control': 'public, max-age=300',
35 verbose headers   etag: '"8ca6c345745df8645c94bce60b388876"',
35 verbose headers   'last-modified': 'Sun, 24 Nov 2019 01:43:20 GMT',
35 verbose headers   vary: 'Accept-Encoding',
35 verbose headers   'cf-cache-status': 'HIT',
35 verbose headers   'expect-ct': 'max-age=604800, report-uri="https://report-uri.cloudflare.com/cdn-cgi/beacon/expect-ct"',
35 verbose headers   server: 'cloudflare' }
36 silly get cb [ 304,
36 silly get   { date: 'Fri, 07 Feb 2020 19:45:45 GMT',
36 silly get     connection: 'keep-alive',
36 silly get     'set-cookie': [ '__cfduid=d1d254b04d9c926bb82dd5072d5e6e60d1581104745; expires=Sun, 08-Mar-20 19:45:45 GMT; path=/; domain=.npmjs.org; HttpOnly; SameSite=Lax' ],
36 silly get     'cf-ray': '5617ddb37d25d8a5-CPH',
36 silly get     age: '5258',
36 silly get     'cache-control': 'public, max-age=300',
36 silly get     etag: '"8ca6c345745df8645c94bce60b388876"',
36 silly get     'last-modified': 'Sun, 24 Nov 2019 01:43:20 GMT',
36 silly get     vary: 'Accept-Encoding',
36 silly get     'cf-cache-status': 'HIT',
36 silly get     'expect-ct': 'max-age=604800, report-uri="https://report-uri.cloudflare.com/cdn-cgi/beacon/expect-ct"',
36 silly get     server: 'cloudflare' } ]
37 verbose etag https://registry.npmjs.org/ejs from cache
38 verbose get saving ejs to C:\Users\Lenovo\AppData\Roaming\npm-cache\registry.npmjs.org\ejs\.cache.json
39 verbose correctMkdir C:\Users\Lenovo\AppData\Roaming\npm-cache correctMkdir not in flight; initializing
40 http 304 https://registry.npmjs.org/express
41 verbose headers { date: 'Fri, 07 Feb 2020 19:45:45 GMT',
41 verbose headers   connection: 'keep-alive',
41 verbose headers   'set-cookie': [ '__cfduid=dae646c664c568585103cd6f6545223961581104745; expires=Sun, 08-Mar-20 19:45:45 GMT; path=/; domain=.npmjs.org; HttpOnly; SameSite=Lax' ],
41 verbose headers   'cf-ray': '5617ddb38ab03ccf-CPH',
41 verbose headers   age: '4330',
41 verbose headers   'cache-control': 'public, max-age=300',
41 verbose headers   etag: '"72f8ffb551c782b44a301010ef5f4f7e"',
41 verbose headers   'last-modified': 'Tue, 14 Jan 2020 20:17:40 GMT',
41 verbose headers   vary: 'Accept-Encoding',
41 verbose headers   'cf-cache-status': 'HIT',
41 verbose headers   'expect-ct': 'max-age=604800, report-uri="https://report-uri.cloudflare.com/cdn-cgi/beacon/expect-ct"',
41 verbose headers   server: 'cloudflare' }
42 silly get cb [ 304,
42 silly get   { date: 'Fri, 07 Feb 2020 19:45:45 GMT',
42 silly get     connection: 'keep-alive',
42 silly get     'set-cookie': [ '__cfduid=dae646c664c568585103cd6f6545223961581104745; expires=Sun, 08-Mar-20 19:45:45 GMT; path=/; domain=.npmjs.org; HttpOnly; SameSite=Lax' ],
42 silly get     'cf-ray': '5617ddb38ab03ccf-CPH',
42 silly get     age: '4330',
42 silly get     'cache-control': 'public, max-age=300',
42 silly get     etag: '"72f8ffb551c782b44a301010ef5f4f7e"',
42 silly get     'last-modified': 'Tue, 14 Jan 2020 20:17:40 GMT',
42 silly get     vary: 'Accept-Encoding',
42 silly get     'cf-cache-status': 'HIT',
42 silly get     'expect-ct': 'max-age=604800, report-uri="https://report-uri.cloudflare.com/cdn-cgi/beacon/expect-ct"',
42 silly get     server: 'cloudflare' } ]
43 verbose etag https://registry.npmjs.org/express from cache
44 verbose get saving express to C:\Users\Lenovo\AppData\Roaming\npm-cache\registry.npmjs.org\express\.cache.json
45 verbose correctMkdir C:\Users\Lenovo\AppData\Roaming\npm-cache correctMkdir not in flight; initializing
46 silly install normalizeTree
47 silly loadCurrentTree Finishing
48 silly loadIdealTree Starting
49 silly install loadIdealTree
50 silly cloneCurrentTree Starting
51 silly install cloneCurrentTreeToIdealTree
52 silly cloneCurrentTree Finishing
53 silly loadShrinkwrap Starting
54 silly install loadShrinkwrap
55 silly loadShrinkwrap Finishing
56 silly loadAllDepsIntoIdealTree Starting
57 silly install loadAllDepsIntoIdealTree
58 silly rollbackFailedOptional Starting
59 silly rollbackFailedOptional Finishing
60 silly runTopLevelLifecycles Finishing
61 silly install printInstalled
62 verbose stack Error: Refusing to install express as a dependency of itself
62 verbose stack     at checkSelf (F:\installation\nodejs\node_modules\npm\lib\install\validate-args.js:53:14)
62 verbose stack     at Array.<anonymous> (F:\installation\nodejs\node_modules\npm\node_modules\slide\lib\bind-actor.js:15:8)
62 verbose stack     at LOOP (F:\installation\nodejs\node_modules\npm\node_modules\slide\lib\chain.js:15:14)
62 verbose stack     at chain (F:\installation\nodejs\node_modules\npm\node_modules\slide\lib\chain.js:20:5)
62 verbose stack     at F:\installation\nodejs\node_modules\npm\lib\install\validate-args.js:16:5
62 verbose stack     at F:\installation\nodejs\node_modules\npm\node_modules\slide\lib\async-map.js:52:35
62 verbose stack     at Array.forEach (native)
62 verbose stack     at F:\installation\nodejs\node_modules\npm\node_modules\slide\lib\async-map.js:52:11
62 verbose stack     at Array.forEach (native)
62 verbose stack     at asyncMap (F:\installation\nodejs\node_modules\npm\node_modules\slide\lib\async-map.js:51:8)
63 verbose cwd F:\websoft\work\s04\express
64 error Windows_NT 10.0.17134
65 error argv "F:\\installation\\nodejs\\node.exe" "F:\\installation\\nodejs\\node_modules\\npm\\bin\\npm-cli.js" "install" "express" "ejs"
66 error node v6.17.1
67 error npm  v3.10.10
68 error code ENOSELF
69 error Refusing to install express as a dependency of itself
70 error If you need help, you may report this error at:
70 error     <https://github.com/npm/npm/issues>
71 verbose exit [ 1, true ]
